[2025-08-10T17:52:29.458Z] {
  "ts": 1754848349428,
  "type": "say",
  "say": "text",
  "text": "Explain the following code from file path app\\Models\\User.php:19-19\n\n\n```\nHasApiTokens\n```\n\nPlease provide a clear and concise explanation of what this code does, including:\n1. The purpose and functionality\n2. Key components and their interactions\n3. Important patterns or techniques used"
}
[2025-08-10T17:52:29.491Z] taskStarted -> 60327aec-d5e4-4753-9ac9-0b21ec9c1d64
[2025-08-10T17:52:29.637Z] {
  "ts": 1754848349492,
  "type": "say",
  "say": "api_req_started",
  "text": "{\"request\":\"<task>\\nExplain the following code from file path app\\\\Models\\\\User.php:19-19\\n\\n\\n```\\nHasApiTokens\\n```\\n\\nPlease provide a clear and concise explanation of what this code does, including:\\n1. The purpose and functionality\\n2. Key components and their interactions\\n3. Important patterns or techniques used\\n</task>\\n\\nLoading...\"}"
}
[2025-08-10T17:52:30.570Z] {
  "ts": 1754848350536,
  "type": "ask",
  "ask": "api_req_failed",
  "text": "Could not resolve authentication method. Expected either apiKey or authToken to be set. Or for one of the \"X-Api-Key\" or \"Authorization\" headers to be explicitly omitted"
}
[2025-08-10T17:52:34.835Z] {
  "ts": 1754848354717,
  "type": "say",
  "say": "checkpoint_saved",
  "text": "b87ba6ce7780dc8ca4cd6349adfe656ad9daf40d",
  "checkpoint": {
    "isFirst": true,
    "from": "b87ba6ce7780dc8ca4cd6349adfe656ad9daf40d",
    "to": "b87ba6ce7780dc8ca4cd6349adfe656ad9daf40d"
  }
}
[2025-08-10T17:52:35.033Z] {
  "ts": 1754848355005,
  "type": "ask",
  "ask": "resume_task"
}
